TypeError: Unknown file extension ".ts" for /home/zacky/cr-management-discord-bot/src/services/workers/inviteWorker.ts
    at Object.getFileProtocolModuleFormat [as file:] (node:internal/modules/esm/get_format:189:9)
    at defaultGetFormat (node:internal/modules/esm/get_format:232:36)
    at defaultLoad (node:internal/modules/esm/load:145:22)
    at async ModuleLoader.loadAndTranslate (node:internal/modules/esm/loader:477:45)
    at async ModuleJob._link (node:internal/modules/esm/module_job:110:19) {
  code: 'ERR_UNKNOWN_FILE_EXTENSION'
}
TypeError: Unknown file extension ".ts" for /home/zacky/cr-management-discord-bot/src/services/workers/inviteWorker.ts
    at Object.getFileProtocolModuleFormat [as file:] (node:internal/modules/esm/get_format:189:9)
    at defaultGetFormat (node:internal/modules/esm/get_format:232:36)
    at defaultLoad (node:internal/modules/esm/load:145:22)
    at async ModuleLoader.loadAndTranslate (node:internal/modules/esm/loader:477:45)
    at async ModuleJob._link (node:internal/modules/esm/module_job:110:19) {
  code: 'ERR_UNKNOWN_FILE_EXTENSION'
}
(node:18315) ExperimentalWarning: `--experimental-loader` may be removed in the future; instead use `register()`:
--import 'data:text/javascript,import { register } from "node:module"; import { pathToFileURL } from "node:url"; register("ts-node/esm", pathToFileURL("./"));'
(Use `node --trace-warnings ...` to show where the warning was created)

node:internal/modules/run_main:123
    triggerUncaughtException(
    ^
[Object: null prototype] {
  [Symbol(nodejs.util.inspect.custom)]: [Function: [nodejs.util.inspect.custom]]
}

Node.js v20.19.4
